2019-06-06 08:22:56 +0000  Initial pipeline context: <IDEDistributionProcessingPipelineContext: 0x7fb580e83830; archive(resolved)='<IDEArchive: 0x7fb580d41210>', distributionTask(resolved)='2', distributionDestination(resolved)='1', distributionMethod(resolved)='<IDEDistributionMethodDevelopmentSigned: 0x7fb582f10c70>', team(resolved)='<IDEProvisioningDisambiguatableBasicTeam: 0x7fb57d0bf720; teamID='7JA3J4SM22', teamName='SHENZHEN APICAL TECHNOLOGY CO.,LTD', teamType='Company', username='apicalios@apical.com.cn', isFreeProvisioningTeam='0'>'>
	Chain (12, self inclusive):
	<IDEDistributionProcessingPipelineContext: 0x7fb580e83830; archive = '<IDEArchive: 0x7fb580d41210>', distributionMethod='<IDEDistributionMethodDevelopmentSigned: 0x7fb582f10c70>', team='<IDEProvisioningDisambiguatableBasicTeam: 0x7fb57d0bf720; teamID='7JA3J4SM22', teamName='SHENZHEN APICAL TECHNOLOGY CO.,LTD', teamType='Company', username='apicalios@apical.com.cn', isFreeProvisioningTeam='0'>'>
	<IDEDistributionProcessingPipelineContext: 0x7fb56834e1d0; archive = '<IDEArchive: 0x7fb580d41210>', distributionMethod='<IDEDistributionMethodDevelopmentSigned: 0x7fb582f10c70>', team='<IDEProvisioningDisambiguatableBasicTeam: 0x7fb57d0bf720; teamID='7JA3J4SM22', teamName='SHENZHEN APICAL TECHNOLOGY CO.,LTD', teamType='Company', username='apicalios@apical.com.cn', isFreeProvisioningTeam='0'>'>
	<IDEDistributionContext: 0x7fb56832eda0; archive = '<IDEArchive: 0x7fb580d41210>', distributionMethod='<IDEDistributionMethodDevelopmentSigned: 0x7fb582f10c70>', team='<IDEProvisioningDisambiguatableBasicTeam: 0x7fb57d0bf720; teamID='7JA3J4SM22', teamName='SHENZHEN APICAL TECHNOLOGY CO.,LTD', teamType='Company', username='apicalios@apical.com.cn', isFreeProvisioningTeam='0'>'>
	<IDEDistributionContext: 0x7fb56832dac0; archive = '<IDEArchive: 0x7fb580d41210>', distributionMethod='<IDEDistributionMethodDevelopmentSigned: 0x7fb582f10c70>', team='<IDEProvisioningDisambiguatableBasicTeam: 0x7fb57d0bf720; teamID='7JA3J4SM22', teamName='SHENZHEN APICAL TECHNOLOGY CO.,LTD', teamType='Company', username='apicalios@apical.com.cn', isFreeProvisioningTeam='0'>'>
	<IDEDistributionContext: 0x7fb56ec181f0; archive = '<IDEArchive: 0x7fb580d41210>', distributionMethod='<IDEDistributionMethodDevelopmentSigned: 0x7fb582f10c70>', team='<IDEProvisioningDisambiguatableBasicTeam: 0x7fb57d0bf720; teamID='7JA3J4SM22', teamName='SHENZHEN APICAL TECHNOLOGY CO.,LTD', teamType='Company', username='apicalios@apical.com.cn', isFreeProvisioningTeam='0'>'>
	<IDEDistributionContext: 0x7fb56ec15c90; archive = '<IDEArchive: 0x7fb580d41210>', distributionMethod='<IDEDistributionMethodDevelopmentSigned: 0x7fb582f10c70>', team='<IDEProvisioningDisambiguatableBasicTeam: 0x7fb57d0bf720; teamID='7JA3J4SM22', teamName='SHENZHEN APICAL TECHNOLOGY CO.,LTD', teamType='Company', username='apicalios@apical.com.cn', isFreeProvisioningTeam='0'>'>
	<IDEDistributionContext: 0x7fb580e64580; archive = '<IDEArchive: 0x7fb580d41210>', distributionMethod='<IDEDistributionMethodDevelopmentSigned: 0x7fb582f10c70>', team='<IDEProvisioningDisambiguatableBasicTeam: 0x7fb57d0bf720; teamID='7JA3J4SM22', teamName='SHENZHEN APICAL TECHNOLOGY CO.,LTD', teamType='Company', username='apicalios@apical.com.cn', isFreeProvisioningTeam='0'>'>
	<IDEDistributionContext: 0x7fb580ef3960; archive = '<IDEArchive: 0x7fb580d41210>', distributionMethod='<IDEDistributionMethodDevelopmentSigned: 0x7fb582f10c70>', team='<IDEProvisioningDisambiguatableBasicTeam: 0x7fb57d0bf720; teamID='7JA3J4SM22', teamName='SHENZHEN APICAL TECHNOLOGY CO.,LTD', teamType='Company', username='apicalios@apical.com.cn', isFreeProvisioningTeam='0'>'>
	<IDEDistributionContext: 0x7fb56ec49a60; archive = '<IDEArchive: 0x7fb580d41210>', distributionMethod='<IDEDistributionMethodDevelopmentSigned: 0x7fb582f10c70>', team='<IDEProvisioningDisambiguatableBasicTeam: 0x7fb57d0bf720; teamID='7JA3J4SM22', teamName='SHENZHEN APICAL TECHNOLOGY CO.,LTD', teamType='Company', username='apicalios@apical.com.cn', isFreeProvisioningTeam='0'>'>
	<IDEDistributionContext: 0x7fb56ec04f00; archive = '<IDEArchive: 0x7fb580d41210>', distributionMethod='<IDEDistributionMethodDevelopmentSigned: 0x7fb582f10c70>', team='(null)'>
	<IDEDistributionContext: 0x7fb567f7ef60; archive = '<IDEArchive: 0x7fb580d41210>', distributionMethod='<IDEDistributionMethodDevelopmentSigned: 0x7fb582f10c70>', team='(null)'>
	<IDEDistributionContext: 0x7fb583b495f0; archive = '<IDEArchive: 0x7fb580d41210>', distributionMethod='(null)', team='(null)'>
</IDEDistributionProcessingPipelineContext: 0x7fb580e83830>
2019-06-06 08:22:56 +0000  Processing step: IDEDistributionCreateDestRootStep
2019-06-06 08:22:56 +0000  Processing step: IDEDistributionCopyItemStep
2019-06-06 08:22:56 +0000  Running /usr/bin/ditto '-V' '/Users/apical/Library/Developer/Xcode/Archives/2019-06-06/Pioneer 2019-6-6 下午4.22.xcarchive/Products/Applications/Pioneer.app' '/var/folders/f_/lly5g9jj2bjcxsfc9t9d6btw0000gn/T/XcodeDistPipeline.XN3/Root/Payload/Pioneer.app'
2019-06-06 08:22:56 +0000  >>> Copying /Users/apical/Library/Developer/Xcode/Archives/2019-06-06/Pioneer 2019-6-6 下午4.22.xcarchive/Products/Applications/Pioneer.app 
2019-06-06 08:22:56 +0000  copying file ./_CodeSignature/CodeResources ... 
2019-06-06 08:22:56 +0000  30973 bytes for ./_CodeSignature/CodeResources
2019-06-06 08:22:56 +0000  copying file ./APKDownloadInfoView.nib ... 
2019-06-06 08:22:56 +0000  5501 bytes for ./APKDownloadInfoView.nib
copying file ./APKFlodersView.nib ... 
2019-06-06 08:22:56 +0000  8232 bytes for ./APKFlodersView.nib
2019-06-06 08:22:56 +0000  copying file ./APKTabBar.nib ... 
2019-06-06 08:22:56 +0000  2037 bytes for ./APKTabBar.nib
copying file ./APKTabBarCell.nib ... 
2019-06-06 08:22:56 +0000  1658 bytes for ./APKTabBarCell.nib
copying file ./AppIcon20x20@2x.png ... 
2019-06-06 08:22:56 +0000  3882 bytes for ./AppIcon20x20@2x.png
copying file ./AppIcon20x20@3x.png ... 
2019-06-06 08:22:56 +0000  6996 bytes for ./AppIcon20x20@3x.png
copying file ./AppIcon29x29@2x.png ... 
2019-06-06 08:22:56 +0000  6619 bytes for ./AppIcon29x29@2x.png
copying file ./AppIcon29x29@3x.png ... 
11447 bytes for ./AppIcon29x29@3x.png
copying file ./AppIcon40x40@2x.png ... 
2019-06-06 08:22:56 +0000  10049 bytes for ./AppIcon40x40@2x.png
2019-06-06 08:22:56 +0000  copying file ./AppIcon40x40@3x.png ... 
2019-06-06 08:22:56 +0000  17933 bytes for ./AppIcon40x40@3x.png
copying file ./AppIcon60x60@2x.png ... 
2019-06-06 08:22:56 +0000  17933 bytes for ./AppIcon60x60@2x.png
copying file ./AppIcon60x60@3x.png ... 
2019-06-06 08:22:56 +0000  29697 bytes for ./AppIcon60x60@3x.png
copying file ./Assets.car ... 
2019-06-06 08:22:56 +0000  5074136 bytes for ./Assets.car
2019-06-06 08:22:56 +0000  copying file ./Base.lproj/Main.storyboardc/8zP-0E-1S5-view-P3e-RX-iFZ.nib ... 
5253 bytes for ./Base.lproj/Main.storyboardc/8zP-0E-1S5-view-P3e-RX-iFZ.nib
copying file ./Base.lproj/Main.storyboardc/DQe-i3-mW9-view-IzG-GK-g0r.nib ... 
4916 bytes for ./Base.lproj/Main.storyboardc/DQe-i3-mW9-view-IzG-GK-g0r.nib
copying file ./Base.lproj/Main.storyboardc/H5Q-wl-Ncq-view-rPz-MC-BlG.nib ... 
1804 bytes for ./Base.lproj/Main.storyboardc/H5Q-wl-Ncq-view-rPz-MC-BlG.nib
copying file ./Base.lproj/Main.storyboardc/Info.plist ... 
809 bytes for ./Base.lproj/Main.storyboardc/Info.plist
copying file ./Base.lproj/Main.storyboardc/NbE-J5-Epm-view-DeS-qh-E6U.nib ... 
9041 bytes for ./Base.lproj/Main.storyboardc/NbE-J5-Epm-view-DeS-qh-E6U.nib
copying file ./Base.lproj/Main.storyboardc/nihao.nib ... 
3071 bytes for ./Base.lproj/Main.storyboardc/nihao.nib
copying file ./Base.lproj/Main.storyboardc/OtD-39-nin-view-Lfy-sM-j5u.nib ... 
14246 bytes for ./Base.lproj/Main.storyboardc/OtD-39-nin-view-Lfy-sM-j5u.nib
copying file ./Base.lproj/Main.storyboardc/Phk-2B-uwo-view-mLr-kf-MeQ.nib ... 
1805 bytes for ./Base.lproj/Main.storyboardc/Phk-2B-uwo-view-mLr-kf-MeQ.nib
copying file ./Base.lproj/Main.storyboardc/q5Z-AS-1tK-view-Dwn-HE-Ewc.nib ... 
12810 bytes for ./Base.lproj/Main.storyboardc/q5Z-AS-1tK-view-Dwn-HE-Ewc.nib
copying file ./Base.lproj/Main.storyboardc/specification.nib ... 
2543 bytes for ./Base.lproj/Main.storyboardc/specification.nib
copying file ./Base.lproj/Main.storyboardc/ThE-Cy-KPm-view-90Q-Gr-0mF.nib ... 
2281 bytes for ./Base.lproj/Main.storyboardc/ThE-Cy-KPm-view-90Q-Gr-0mF.nib
copying file ./Base.lproj/Main.storyboardc/u5I-hE-Y7j-view-5k2-5Y-0hQ.nib ... 
4317 bytes for ./Base.lproj/Main.storyboardc/u5I-hE-Y7j-view-5k2-5Y-0hQ.nib
copying file ./Base.lproj/Main.storyboardc/UINavigationController-DS0-Xk-ovl.nib ... 
2892 bytes for ./Base.lproj/Main.storyboardc/UINavigationController-DS0-Xk-ovl.nib
copying file ./Base.lproj/Main.storyboardc/UITabBarController-CHW-tB-Qw3.nib ... 
4060 bytes for ./Base.lproj/Main.storyboardc/UITabBarController-CHW-tB-Qw3.nib
copying file ./Base.lproj/Main.storyboardc/UITableViewController-OtD-39-nin.nib ... 
1254 bytes for ./Base.lproj/Main.storyboardc/UITableViewController-OtD-39-nin.nib
copying file ./Base.lproj/Main.storyboardc/UIViewController-8zP-0E-1S5.nib ... 
971 bytes for ./Base.lproj/Main.storyboardc/UIViewController-8zP-0E-1S5.nib
copying file ./Base.lproj/Main.storyboardc/UIViewController-NbE-J5-Epm.nib ... 
1451 bytes for ./Base.lproj/Main.storyboardc/UIViewController-NbE-J5-Epm.nib
copying file ./Base.lproj/Main.storyboardc/UIViewController-q5Z-AS-1tK.nib ... 
1270 bytes for ./Base.lproj/Main.storyboardc/UIViewController-q5Z-AS-1tK.nib
copying file ./Base.lproj/Main.storyboardc/UIViewController-u5I-hE-Y7j.nib ... 
1273 bytes for ./Base.lproj/Main.storyboardc/UIViewController-u5I-hE-Y7j.nib
copying file ./Base.lproj/Main.storyboardc/UIViewController-wSA-rX-7Wi.nib ... 
1268 bytes for ./Base.lproj/Main.storyboardc/UIViewController-wSA-rX-7Wi.nib
copying file ./Base.lproj/Main.storyboardc/vxr-1Y-6e1-view-8Qk-GB-n3y.nib ... 
7396 bytes for ./Base.lproj/Main.storyboardc/vxr-1Y-6e1-view-8Qk-GB-n3y.nib
copying file ./Base.lproj/Main.storyboardc/wSA-rX-7Wi-view-aZ0-Rz-psv.nib ... 
12823 bytes for ./Base.lproj/Main.storyboardc/wSA-rX-7Wi-view-aZ0-Rz-psv.nib
copying file ./embedded.mobileprovision ... 
12552 bytes for ./embedded.mobileprovision
copying file ./en.lproj/InfoPlist.strings ... 
198 bytes for ./en.lproj/InfoPlist.strings
copying file ./en.lproj/Localizable.strings ... 
1921 bytes for ./en.lproj/Localizable.strings
copying file ./Info.plist ... 
1815 bytes for ./Info.plist
copying file ./ja.lproj/InfoPlist.strings ... 
177 bytes for ./ja.lproj/InfoPlist.strings
copying file ./ja.lproj/Localizable.strings ... 
2037 bytes for ./ja.lproj/Localizable.strings
copying file ./ja.lproj/Main.strings ... 
2686 bytes for ./ja.lproj/Main.strings
copying file ./Launch Screen.storyboardc/01J-lp-oVM-view-Ze5-6b-2t3.nib ... 
2307 bytes for ./Launch Screen.storyboardc/01J-lp-oVM-view-Ze5-6b-2t3.nib
co
2019-06-06 08:22:56 +0000  pying file ./Launch Screen.storyboardc/Info.plist ... 
258 bytes for ./Launch Screen.storyboardc/Info.plist
copying file ./Launch Screen.storyboardc/UIViewController-01J-lp-oVM.nib ... 
832 bytes for ./Launch Screen.storyboardc/UIViewController-01J-lp-oVM.nib
copying file ./LaunchImage-1100-Portrait-2436h@3x.png ... 
105492 bytes for ./LaunchImage-1100-Portrait-2436h@3x.png
copying file ./LaunchImage-568h@2x.png ... 
15905 bytes for ./LaunchImage-568h@2x.png
copying file ./LaunchImage-700-568h@2x.png ... 
15905 bytes for ./LaunchImage-700-568h@2x.png
copying file ./LaunchImage-700@2x.png ... 
15225 bytes for ./LaunchImage-700@2x.png
copying file ./LaunchImage-800-667h@2x.png ... 
19413 bytes for ./LaunchImage-800-667h@2x.png
copying file ./LaunchImage-800-Portrait-736h@3x.png ... 
32225 bytes for ./LaunchImage-800-Portrait-736h@3x.png
copying file ./LaunchImage@2x.png ... 
15225 bytes for ./LaunchImage@2x.png
copying file ./license_ios.pdf ... 
89099 bytes for ./license_ios.pdf
copying file ./MWPhotoBrowser.bundle/images/Checkmark.png ... 
1609 bytes for ./MWPhotoBrowser.bundle/images/Checkmark.png
copying file ./MWPhotoBrowser.bundle/images/Checkmark@2x.png ... 
2156 bytes for ./MWPhotoBrowser.bundle/images/Checkmark@2x.png
copying file ./MWPhotoBrowser.bundle/images/ImageError.png ... 
1187 bytes for ./MWPhotoBrowser.bundle/images/ImageError.png
copying file ./MWPhotoBrowser.bundle/images/ImageError@2x.png ... 
1533 bytes for ./MWPhotoBrowser.bundle/images/ImageError@2x.png
copying file ./MWPhotoBrowser.bundle/images/ImageSelectedOff.png ... 
2641 bytes for ./MWPhotoBrowser.bundle/images/ImageSelectedOff.png
copying file ./MWPhotoBrowser.bundle/images/ImageSelectedOff@2x.png ... 
4839 bytes for ./MWPhotoBrowser.bundle/images/ImageSelectedOff@2x.png
copying file ./MWPhotoBrowser.bundle/images/ImageSelectedOn.png ... 
2682 bytes for ./MWPhotoBrowser.bundle/images/ImageSelectedOn.png
copying file ./MWPhotoBrowser.bundle/images/ImageSelectedOn@2x.png ... 
4571 bytes for ./MWPhotoBrowser.bundle/images/ImageSelectedOn@2x.png
copying file ./MWPhotoBrowser.bundle/images/ImageSelectedSmallOff.png ... 
1932 bytes for ./MWPhotoBrowser.bundle/images/ImageSelectedSmallOff.png
copying file ./MWPhotoBrowser.bundle/images/ImageSelectedSmallOff@2x.png ... 
3296 bytes for ./MWPhotoBrowser.bundle/images/ImageSelectedSmallOff@2x.png
copying file ./MWPhotoBrowser.bundle/images/ImageSelectedSmallOn.png ... 
2141 bytes for ./MWPhotoBrowser.bundle/images/ImageSelectedSmallOn.png
copying file ./MWPhotoBrowser.bundle/images/ImageSelectedSmallOn@2x.png ... 
3543 bytes for ./MWPhotoBrowser.bundle/images/ImageSelectedSmallOn@2x.png
copying file ./MWPhotoBrowser.bundle/images/UIBarButtonItemArrowLeft.png ... 
1169 bytes for ./MWPhotoBrowser.bundle/images/UIBarButtonItemArrowLeft.png
copying file ./MWPhotoBrowser.bundle/images/UIBarButtonItemArrowLeft@2x.png ... 
1360 bytes for ./MWPhotoBrowser.bundle/images/UIBarButtonItemArrowLeft@2x.png
copying file ./MWPhotoBrowser.bundle/images/UIBarButtonItemArrowOutlineLeft.png ... 
1135 bytes for ./MWPhotoBrowser.bundle/images/UIBarButtonItemArrowOutlineLeft.png
copying file ./MWPhotoBrowser.bundle/images/UIBarButtonItemArrowOutlineLeft@2x.png ... 
1261 bytes for ./MWPhotoBrowser.bundle/images/UIBarButtonItemArrowOutlineLeft@2x.png
copying file ./MWPhotoBrowser.bundle/images/UIBarButtonItemArrowOutlineRight.png ... 
1115 bytes for ./MWPhotoBrowser.bundle/images/UIBarButtonItemArrowOutlineRight.png
copying file ./MWPhotoBrowser.bundle/images/UIBarButtonItemArrowOutlineRight@2x.png ... 
1253 bytes for ./MWPhotoBrowser.bundle/images/UIBarButtonItemArrowOutlineRight@2x.png
copying file ./MWPhotoBrowser.bundle/images/UIBarButtonItemArrowRight.png ... 
1158 bytes for ./MWPhotoBrowser.bundle/images/UIBarButtonItemArrowRight.png
copying file ./MWPhotoBrowser.bundle/images/UIBarButtonItemArrowRight@2x.png ... 
1355 bytes for ./MWPhotoBrowser.bundle/images/UIBarButtonItemArrowRight@2x.png
copying file ./MWPhotoBrowser.bundle/images/UIBarButtonItemGrid.png ... 
1044 bytes for ./MWPhotoBrowser.bundle/images/UIBarButtonI
2019-06-06 08:22:56 +0000  temGrid.png
copying file ./MWPhotoBrowser.bundle/images/UIBarButtonItemGrid@2x.png ... 
1063 bytes for ./MWPhotoBrowser.bundle/images/UIBarButtonItemGrid@2x.png
copying file ./MWPhotoBrowser.bundle/images/UIBarButtonItemGridiOS6.png ... 
1028 bytes for ./MWPhotoBrowser.bundle/images/UIBarButtonItemGridiOS6.png
copying file ./MWPhotoBrowser.bundle/images/UIBarButtonItemGridiOS6@2x.png ... 
1058 bytes for ./MWPhotoBrowser.bundle/images/UIBarButtonItemGridiOS6@2x.png
copying file ./Pioneer ... 
2019-06-06 08:22:56 +0000  33215680 bytes for ./Pioneer
2019-06-06 08:22:56 +0000  /usr/bin/ditto exited with 0
2019-06-06 08:22:56 +0000  copying file ./PioneerModal.momd/PioneerModal.mom ... 
2088 bytes for ./PioneerModal.momd/PioneerModal.mom
copying file ./PioneerModal.momd/VersionInfo.plist ... 
154 bytes for ./PioneerModal.momd/VersionInfo.plist
copying file ./PkgInfo ... 
8 bytes for ./PkgInfo
copying file ./zh-Hans.lproj/InfoPlist.strings ... 
205 bytes for ./zh-Hans.lproj/InfoPlist.strings
copying file ./zh-Hans.lproj/Localizable.strings ... 
42 bytes for ./zh-Hans.lproj/Localizable.strings
copying file ./zh-Hans.lproj/Main.strings ... 
2686 bytes for ./zh-Hans.lproj/Main.strings
2019-06-06 08:22:56 +0000  Processing step: IDEDistributionEmbedProfileStep
2019-06-06 08:22:56 +0000  Processing step: IDEDistributionAppThinningPlistStep
2019-06-06 08:22:56 +0000  Skipping step: IDEDistributionAppThinningPlistStep because it said so
2019-06-06 08:22:56 +0000  Processing step: IDEDistributionCompileBitcodeStep
2019-06-06 08:22:56 +0000  Skipping step: IDEDistributionCompileBitcodeStep because it said so
2019-06-06 08:22:56 +0000  Processing step: IDEDistributionCodeSlimmingStep
2019-06-06 08:22:56 +0000  Processing step: IDEDistributionCopyBCSymbolMapsStep
2019-06-06 08:22:56 +0000  Skipping step: IDEDistributionCopyBCSymbolMapsStep because it said so
2019-06-06 08:22:56 +0000  Processing step: IDEDistributionSymbolsStep
2019-06-06 08:22:56 +0000  Skipping step: IDEDistributionSymbolsStep because it said so
2019-06-06 08:22:56 +0000  Processing step: IDEDistributionAppThinningStep
2019-06-06 08:22:56 +0000  Skipping step: IDEDistributionAppThinningStep because it said so
2019-06-06 08:22:56 +0000  Processing step: IDEDistributionArchThinningStep
2019-06-06 08:22:56 +0000  Running /Applications/Xcode.app/Contents/Developer/Toolchains/XcodeDefault.xctoolchain/usr/bin/lipo '/var/folders/f_/lly5g9jj2bjcxsfc9t9d6btw0000gn/T/XcodeDistPipeline.XN3/Root/Payload/Pioneer.app/Pioneer' '-verify_arch' 'arm64e'
2019-06-06 08:22:56 +0000  /Applications/Xcode.app/Contents/Developer/Toolchains/XcodeDefault.xctoolchain/usr/bin/lipo exited with 1
2019-06-06 08:22:56 +0000  Skipping architecture thinning for item "Pioneer" because arch "arm64e" wasn't found
2019-06-06 08:22:56 +0000  Processing step: IDEDistributionODRStep
2019-06-06 08:22:56 +0000  Processing step: IDEDistributionStripXattrsStep
2019-06-06 08:22:56 +0000  Running /usr/bin/xattr '-crs' '/var/folders/f_/lly5g9jj2bjcxsfc9t9d6btw0000gn/T/XcodeDistPipeline.XN3/Root/Payload/Pioneer.app'
2019-06-06 08:22:57 +0000  /usr/bin/xattr exited with 0
2019-06-06 08:22:57 +0000  Processing step: IDEDistributionCodesignStep
2019-06-06 08:22:57 +0000  Entitlements for <IDEDistributionItem: 0x7fb568334d80 'com.apical.pioneer' '<DVTFilePath:0x7fb581ae6470:'/Users/apical/Library/Developer/Xcode/Archives/2019-06-06/Pioneer 2019-6-6 下午4.22.xcarchive/Products/Applications/Pioneer.app'>'>: {
    "application-identifier" = "7JA3J4SM22.com.apical.pioneer";
    "com.apple.developer.team-identifier" = 7JA3J4SM22;
    "get-task-allow" = 1;
    "keychain-access-groups" =     (
        "7JA3J4SM22.com.apical.pioneer"
    );
}
2019-06-06 08:22:57 +0000  Writing entitlements for <IDEDistributionItem: 0x7fb568334d80 'com.apical.pioneer' '<DVTFilePath:0x7fb581ae6470:'/Users/apical/Library/Developer/Xcode/Archives/2019-06-06/Pioneer 2019-6-6 下午4.22.xcarchive/Products/Applications/Pioneer.app'>'> to: /var/folders/f_/lly5g9jj2bjcxsfc9t9d6btw0000gn/T/XcodeDistPipeline.XN3/entitlementsRGY3Kc
2019-06-06 08:22:57 +0000  Running /usr/bin/codesign '-vvv' '--force' '--sign' '53991235AE97C786C00EA25346FC575639F60DF6' '--entitlements' '/var/folders/f_/lly5g9jj2bjcxsfc9t9d6btw0000gn/T/XcodeDistPipeline.XN3/entitlementsRGY3Kc' '--preserve-metadata=identifier,flags,runtime' '/var/folders/f_/lly5g9jj2bjcxsfc9t9d6btw0000gn/T/XcodeDistPipeline.XN3/Root/Payload/Pioneer.app'
2019-06-06 08:22:57 +0000  /var/folders/f_/lly5g9jj2bjcxsfc9t9d6btw0000gn/T/XcodeDistPipeline.XN3/Root/Payload/Pioneer.app: replacing existing signature
2019-06-06 08:22:58 +0000  /var/folders/f_/lly5g9jj2bjcxsfc9t9d6btw0000gn/T/XcodeDistPipeline.XN3/Root/Payload/Pioneer.app: signed app bundle with Mach-O universal (armv7 arm64) [com.apical.pioneer]
2019-06-06 08:22:58 +0000  /usr/bin/codesign exited with 0
2019-06-06 08:22:58 +0000  Processing step: IDEDistributionZipODRItemStep
2019-06-06 08:22:58 +0000  Skipping step: IDEDistributionZipODRItemStep because it said so
2019-06-06 08:22:58 +0000  Processing step: IDEDistributionCreateIPAStep
2019-06-06 08:22:58 +0000  Running /usr/bin/ditto '-V' '-c' '-k' '--norsrc' '/var/folders/f_/lly5g9jj2bjcxsfc9t9d6btw0000gn/T/XcodeDistPipeline.XN3/Root' '/var/folders/f_/lly5g9jj2bjcxsfc9t9d6btw0000gn/T/XcodeDistPipeline.XN3/Packages/Pioneer.ipa'
2019-06-06 08:22:58 +0000  >>> Copying /var/folders/f_/lly5g9jj2bjcxsfc9t9d6btw0000gn/T/XcodeDistPipeline.XN3/Root 
2019-06-06 08:22:58 +0000  copying file ./Payload/Pioneer.app/_CodeSignature/CodeResources ... 
2019-06-06 08:22:58 +0000  30973 bytes for ./Payload/Pioneer.app/_CodeSignature/CodeResources
2019-06-06 08:22:58 +0000  copying file ./Payload/Pioneer.app/APKDownloadInfoView.nib ... 
2019-06-06 08:22:58 +0000  5501 bytes for ./Payload/Pioneer.app/APKDownloadInfoView.nib
copying file ./Payload/Pioneer.app/APKFlodersView.nib ... 
2019-06-06 08:22:58 +0000  8232 bytes for ./Payload/Pioneer.app/APKFlodersView.nib
copying file ./Payload/Pioneer.app/APKTabBar.nib ... 
2019-06-06 08:22:58 +0000  2037 bytes for ./Payload/Pioneer.app/APKTabBar.nib
copying file ./Payload/Pioneer.app/APKTabBarCell.nib ... 
2019-06-06 08:22:58 +0000  1658 bytes for ./Payload/Pioneer.app/APKTabBarCell.nib
copying file ./Payload/Pioneer.app/AppIcon20x20@2x.png ... 
2019-06-06 08:22:58 +0000  3882 bytes for ./Payload/Pioneer.app/AppIcon20x20@2x.png
copying file ./Payload/Pioneer.app/AppIcon20x20@3x.png ... 
2019-06-06 08:22:58 +0000  6996 bytes for ./Payload/Pioneer.app/AppIcon20x20@3x.png
copying file ./Payload/Pioneer.app/AppIcon29x29@2x.png ... 
2019-06-06 08:22:58 +0000  6619 bytes for ./Payload/Pioneer.app/AppIcon29x29@2x.png
copying file ./Payload/Pioneer.app/AppIcon29x29@3x.png ... 
2019-06-06 08:22:58 +0000  11447 bytes for ./Payload/Pioneer.app/AppIcon29x29@3x.png
copying file ./Payload/Pioneer.app/AppIcon40x40@2x.png ... 
2019-06-06 08:22:58 +0000  10049 bytes for ./Payload/Pioneer.app/AppIcon40x40@2x.png
copying file ./Payload/Pioneer.app/AppIcon40x40@3x.png ... 
2019-06-06 08:22:58 +0000  17933 bytes for ./Payload/Pioneer.app/AppIcon40x40@3x.png
copying file ./Payload/Pioneer.app/AppIcon60x60@2x.png ... 
2019-06-06 08:22:58 +0000  17933 bytes for ./Payload/Pioneer.app/AppIcon60x60@2x.png
copying file ./Payload/Pioneer.app/AppIcon60x60@3x.png ... 
2019-06-06 08:22:58 +0000  29697 bytes for ./Payload/Pioneer.app/AppIcon60x60@3x.png
copying file ./Payload/Pioneer.app/Assets.car ... 
2019-06-06 08:22:58 +0000  5074136 bytes for ./Payload/Pioneer.app/Assets.car
2019-06-06 08:22:58 +0000  copying file ./Payload/Pioneer.app/Base.lproj/Main.storyboardc/8zP-0E-1S5-view-P3e-RX-iFZ.nib ... 
2019-06-06 08:22:58 +0000  5253 bytes for ./Payload/Pioneer.app/Base.lproj/Main.storyboardc/8zP-0E-1S5-view-P3e-RX-iFZ.nib
copying file ./Payload/Pioneer.app/Base.lproj/Main.storyboardc/DQe-i3-mW9-view-IzG-GK-g0r.nib ... 
2019-06-06 08:22:58 +0000  4916 bytes for ./Payload/Pioneer.app/Base.lproj/Main.storyboardc/DQe-i3-mW9-view-IzG-GK-g0r.nib
copying file ./Payload/Pioneer.app/Base.lproj/Main.storyboardc/H5Q-wl-Ncq-view-rPz-MC-BlG.nib ... 
2019-06-06 08:22:58 +0000  1804 bytes for ./Payload/Pioneer.app/Base.lproj/Main.storyboardc/H5Q-wl-Ncq-view-rPz-MC-BlG.nib
copying file ./Payload/Pioneer.app/Base.lproj/Main.storyboardc/Info.plist ... 
2019-06-06 08:22:58 +0000  809 bytes for ./Payload/Pioneer.app/Base.lproj/Main.storyboardc/Info.plist
copying file ./Payload/Pioneer.app/Base.lproj/Main.storyboardc/NbE-J5-Epm-view-DeS-qh-E6U.nib ... 
2019-06-06 08:22:58 +0000  9041 bytes for ./Payload/Pioneer.app/Base.lproj/Main.storyboardc/NbE-J5-Epm-view-DeS-qh-E6U.nib
copying file ./Payload/Pioneer.app/Base.lproj/Main.storyboardc/nihao.nib ... 
2019-06-06 08:22:58 +0000  3071 bytes for ./Payload/Pioneer.app/Base.lproj/Main.storyboardc/nihao.nib
2019-06-06 08:22:58 +0000  copying file ./Payload/Pioneer.app/Base.lproj/Main.storyboardc/OtD-39-nin-view-Lfy-sM-j5u.nib ... 
2019-06-06 08:22:58 +0000  14246 bytes for ./Payload/Pioneer.app/Base.lproj/Main.storyboardc/OtD-39-nin-view-Lfy-sM-j5u.nib
copying file ./Payload/Pioneer.app/Base.lproj/Main.storyboardc/Phk-2B-uwo-view-mLr-kf-MeQ.nib ... 
2019-06-06 08:22:58 +0000  1805 bytes for ./Payload/Pioneer.app/Base.lproj/Main.storyboardc/Phk-2B-uwo-view-mLr-kf-MeQ.nib
copying file ./Payload/Pioneer.app/Base.lproj/Main.storyboardc/q5Z-AS-1tK-view-Dwn-HE-Ewc.nib ... 
2019-06-06 08:22:58 +0000  12810 bytes for ./Payload/Pioneer.app/Base.lproj/Main.storyboardc/q5Z-AS-1tK-view-Dwn-HE-Ewc.nib
copying file ./Payload/Pioneer.app/Base.lproj/Main.storyboardc/specification.nib ... 
2019-06-06 08:22:58 +0000  2543 bytes for ./Payload/Pioneer.app/Base.lproj/Main.storyboardc/specification.nib
copying file ./Payload/Pioneer.app/Base.lproj/Main.storyboardc/ThE-Cy-KPm-view-90Q-Gr-0mF.nib ... 
2019-06-06 08:22:58 +0000  2281 bytes for ./Payload/Pioneer.app/Base.lproj/Main.storyboardc/ThE-Cy-KPm-view-90Q-Gr-0mF.nib
copying file ./Payload/Pioneer.app/Base.lproj/Main.storyboardc/u5I-hE-Y7j-view-5k2-5Y-0hQ.nib ... 
2019-06-06 08:22:58 +0000  4317 bytes for ./Payload/Pioneer.app/Base.lproj/Main.storyboardc/u5I-hE-Y7j-view-5k2-5Y-0hQ.nib
copying file ./Payload/Pioneer.app/Base.lproj/Main.storyboardc/UINavigationController-DS0-Xk-ovl.nib ... 
2019-06-06 08:22:58 +0000  2892 bytes for ./Payload/Pioneer.app/Base.lproj/Main.storyboardc/UINavigationController-DS0-Xk-ovl.nib
copying file ./Payload/Pioneer.app/Base.lproj/Main.storyboardc/UITabBarController-CHW-tB-Qw3.nib ... 
2019-06-06 08:22:58 +0000  4060 bytes for ./Payload/Pioneer.app/Base.lproj/Main.storyboardc/UITabBarController-CHW-tB-Qw3.nib
copying file ./Payload/Pioneer.app/Base.lproj/Main.storyboardc/UITableViewController-OtD-39-nin.nib ... 
2019-06-06 08:22:58 +0000  1254 bytes for ./Payload/Pioneer.app/Base.lproj/Main.storyboardc/UITableViewController-OtD-39-nin.nib
copying file ./Payload/Pioneer.app/Base.lproj/Main.storyboardc/UIViewController-8zP-0E-1S5.nib ... 
2019-06-06 08:22:58 +0000  971 bytes for ./Payload/Pioneer.app/Base.lproj/Main.storyboardc/UIViewController-8zP-0E-1S5.nib
copying file ./Payload/Pioneer.app/Base.lproj/Main.storyboardc/UIViewController-NbE-J5-Epm.nib ... 
2019-06-06 08:22:58 +0000  1451 bytes for ./Payload/Pioneer.app/Base.lproj/Main.storyboardc/UIViewController-NbE-J5-Epm.nib
copying file ./Payload/Pioneer.app/Base.lproj/Main.storyboardc/UIViewController-q5Z-AS-1tK.nib ... 
2019-06-06 08:22:58 +0000  1270 bytes for ./Payload/Pioneer.app/Base.lproj/Main.storyboardc/UIViewController-q5Z-AS-1tK.nib
copying file ./Payload/Pioneer.app/Base.lproj/Main.storyboardc/UIViewController-u5I-hE-Y7j.nib ... 
2019-06-06 08:22:58 +0000  1273 bytes for ./Payload/Pioneer.app/Base.lproj/Main.storyboardc/UIViewController-u5I-hE-Y7j.nib
copying file ./Payload/Pioneer.app/Base.lproj/Main.storyboardc/UIViewController-wSA-rX-7Wi.nib ... 
1268 bytes for ./Payload/Pioneer.app/Base.lproj/Main.storyboardc/UIViewController-wSA-rX-7Wi.nib
copying file ./Payload/Pioneer.app/Base.lproj/Main.storyboardc/vxr-1Y-6e1-view-8Qk-GB-n3y.nib ... 
2019-06-06 08:22:58 +0000  7396 bytes for ./Payload/Pioneer.app/Base.lproj/Main.storyboardc/vxr-1Y-6e1-view-8Qk-GB-n3y.nib
2019-06-06 08:22:58 +0000  copying file ./Payload/Pioneer.app/Base.lproj/Main.storyboardc/wSA-rX-7Wi-view-aZ0-Rz-psv.nib ... 
2019-06-06 08:22:58 +0000  12823 bytes for ./Payload/Pioneer.app/Base.lproj/Main.storyboardc/wSA-rX-7Wi-view-aZ0-Rz-psv.nib
2019-06-06 08:22:58 +0000  copying file ./Payload/Pioneer.app/embedded.mobileprovision ... 
2019-06-06 08:22:58 +0000  12552 bytes for ./Payload/Pioneer.app/embedded.mobileprovision
2019-06-06 08:22:58 +0000  copying file ./Payload/Pioneer.app/en.lproj/InfoPlist.strings ... 
198 bytes for ./Payload/Pioneer.app/en.lproj/InfoPlist.strings
copying file ./Payload/Pioneer.app/en.lproj/Localizable.strings ... 
2019-06-06 08:22:58 +0000  1921 bytes for ./Payload/Pioneer.app/en.lproj/Localizable.strings
2019-06-06 08:22:58 +0000  copying file ./Payload/Pioneer.app/Info.plist ... 
2019-06-06 08:22:58 +0000  1815 bytes for ./Payload/Pioneer.app/Info.plist
copying file ./Payload/Pioneer.app/ja.lproj/InfoPlist.strings ... 
177 bytes for ./Payload/Pioneer.app/ja.lproj/InfoPlist.strings
copying file ./Payload/Pioneer.app/ja.lproj/Localizable.strings ... 
2019-06-06 08:22:58 +0000  2037 bytes for ./Payload/Pioneer.app/ja.lproj/Localizable.strings
2019-06-06 08:22:58 +0000  copying file ./Payload/Pioneer.app/ja.lproj/Main.strings ... 
2686 bytes for ./Payload/Pioneer.app/ja.lproj/Main.strings
2019-06-06 08:22:58 +0000  copying file ./Payload/Pioneer.app/Launch Screen.storyboardc/01J-lp-oVM-view-Ze5-6b-2t3.nib ... 
2019-06-06 08:22:58 +0000  2307 bytes for ./Payload/Pioneer.app/Launch Screen.storyboardc/01J-lp-oVM-view-Ze5-6b-2t3.nib
copying file ./Payload/Pioneer.app/Launch Screen.storyboardc/Info.plist ... 
258 bytes for ./Payload/Pioneer.app/Launch Screen.storyboardc/Info.plist
2019-06-06 08:22:58 +0000  copying file ./Payload/Pioneer.app/Launch Screen.storyboardc/UIViewController-01J-lp-oVM.nib ... 
832 bytes for ./Payload/Pioneer.app/Launch Screen.storyboardc/UIViewController-01J-lp-oVM.nib
copying file ./Payload/Pioneer.app/LaunchImage-1100-Portrait-2436h@3x.png ... 
2019-06-06 08:22:58 +0000  105492 bytes for ./Payload/Pioneer.app/LaunchImage-1100-Portrait-2436h@3x.png
copying file ./Payload/Pioneer.app/LaunchImage-568h@2x.png ... 
2019-06-06 08:22:58 +0000  15905 bytes for ./Payload/Pioneer.app/LaunchImage-568h@2x.png
copying file ./Payload/Pioneer.app/LaunchImage-700-568h@2x.png ... 
2019-06-06 08:22:58 +0000  15905 bytes for ./Payload/Pioneer.app/LaunchImage-700-568h@2x.png
copying file ./Payload/Pioneer.app/LaunchImage-700@2x.png ... 
2019-06-06 08:22:58 +0000  15225 bytes for ./Payload/Pioneer.app/LaunchImage-700@2x.png
copying file ./Payload/Pioneer.app/LaunchImage-800-667h@2x.png ... 
2019-06-06 08:22:58 +0000  19413 bytes for ./Payload/Pioneer.app/LaunchImage-800-667h@2x.png
2019-06-06 08:22:58 +0000  copying file ./Payload/Pioneer.app/LaunchImage-800-Portrait-736h@3x.png ... 
2019-06-06 08:22:58 +0000  32225 bytes for ./Payload/Pioneer.app/LaunchImage-800-Portrait-736h@3x.png
2019-06-06 08:22:58 +0000  copying file ./Payload/Pioneer.app/LaunchImage@2x.png ... 
2019-06-06 08:22:58 +0000  15225 bytes for ./Payload/Pioneer.app/LaunchImage@2x.png
2019-06-06 08:22:58 +0000  copying file ./Payload/Pioneer.app/license_ios.pdf ... 
2019-06-06 08:22:58 +0000  89099 bytes for ./Payload/Pioneer.app/license_ios.pdf
2019-06-06 08:22:58 +0000  copying file ./Payload/Pioneer.app/MWPhotoBrowser.bundle/images/Checkmark.png ... 
2019-06-06 08:22:58 +0000  1609 bytes for ./Payload/Pioneer.app/MWPhotoBrowser.bundle/images/Checkmark.png
copying file ./Payload/Pioneer.app/MWPhotoBrowser.bundle/images/Checkmark@2x.png ... 
2156 bytes for ./Payload/Pioneer.app/MWPhotoBrowser.bundle/images/Checkmark@2x.png
2019-06-06 08:22:58 +0000  copying file ./Payload/Pioneer.app/MWPhotoBrowser.bundle/images/ImageError.png ... 
1187 bytes for ./Payload/Pioneer.app/MWPhotoBrowser.bundle/images/ImageError.png
copying file ./Payload/Pioneer.app/MWPhotoBrowser.bundle/images/ImageError@2x.png ... 
2019-06-06 08:22:58 +0000  1533 bytes for ./Payload/Pioneer.app/MWPhotoBrowser.bundle/images/ImageError@2x.png
copying file ./Payload/Pioneer.app/MWPhotoBrowser.bundle/images/ImageSelectedOff.png ... 
2019-06-06 08:22:58 +0000  2641 bytes for ./Payload/Pioneer.app/MWPhotoBrowser.bundle/images/ImageSelectedOff.png
copying file ./Payload/Pioneer.app/MWPhotoBrowser.bundle/images/ImageSelectedOff@2x.png ... 
2019-06-06 08:22:58 +0000  4839 bytes for ./Payload/Pioneer.app/MWPhotoBrowser.bundle/images/ImageSelectedOff@2x.png
copying file ./Payload/Pioneer.app/MWPhotoBrowser.bundle/images/ImageSelectedOn.png ... 
2019-06-06 08:22:58 +0000  2682 bytes for ./Payload/Pioneer.app/MWPhotoBrowser.bundle/images/ImageSelectedOn.png
copying file ./Payload/Pioneer.app/MWPhotoBrowser.bundle/images/ImageSelectedOn@2x.png ... 
2019-06-06 08:22:58 +0000  4571 bytes for ./Payload/Pioneer.app/MWPhotoBrowser.bundle/images/ImageSelectedOn@2x.png
copying file ./Payload/Pioneer.app/MWPhotoBrowser.bundle/images/ImageSelectedSmallOff.png ... 
2019-06-06 08:22:58 +0000  1932 bytes for ./Payload/Pioneer.app/MWPhotoBrowser.bundle/images/ImageSelectedSmallOff.png
copying file ./Payload/Pioneer.app/MWPhotoBrowser.bundle/images/ImageSelectedSmallOff@2x.png ... 
2019-06-06 08:22:58 +0000  3296 bytes for ./Payload/Pioneer.app/MWPhotoBrowser.bundle/images/ImageSelectedSmallOff@2x.png
copying file ./Payload/Pioneer.app/MWPhotoBrowser.bundle/images/ImageSelectedSmallOn.png ... 
2019-06-06 08:22:58 +0000  2141 bytes for ./Payload/Pioneer.app/MWPhotoBrowser.bundle/images/ImageSelectedSmallOn.png
copying file ./Payload/Pioneer.app/MWPhotoBrowser.bundle/images/ImageSelectedSmallOn@2x.png ... 
2019-06-06 08:22:58 +0000  3543 bytes for ./Payload/Pioneer.app/MWPhotoBrowser.bundle/images/ImageSelectedSmallOn@2x.png
copying file ./Payload/Pioneer.app/MWPhotoBrowser.bundle/images/UIBarButtonItemArrowLeft.png ... 
1169 bytes for ./Payload/Pioneer.app/MWPhotoBrowser.bundle/images/UIBarButtonItemArrowLeft.png
2019-06-06 08:22:58 +0000  copying file ./Payload/Pioneer.app/MWPhotoBrowser.bundle/images/UIBarButtonItemArrowLeft@2x.png ... 
1360 bytes for ./Payload/Pioneer.app/MWPhotoBrowser.bundle/images/UIBarButtonItemArrowLeft@2x.png
copying file ./Payload/Pioneer.app/MWPhotoBrowser.bundle/images/UIBarButtonItemArrowOutlineLeft.png ... 
2019-06-06 08:22:58 +0000  1135 bytes for ./Payload/Pioneer.app/MWPhotoBrowser.bundle/images/UIBarButtonItemArrowOutlineLeft.png
2019-06-06 08:22:58 +0000  copying file ./Payload/Pioneer.app/MWPhotoBrowser.bundle/images/UIBarButtonItemArrowOutlineLeft@2x.png ... 
1261 bytes for ./Payload/Pioneer.app/MWPhotoBrowser.bundle/images/UIBarButtonItemArrowOutlineLeft@2x.png
copying file ./Payload/Pioneer.app/MWPhotoBrowser.bundle/images/UIBarButtonItemArrowOutlineRight.png ... 
2019-06-06 08:22:58 +0000  1115 bytes for ./Payload/Pioneer.app/MWPhotoBrowser.bundle/images/UIBarButtonItemArrowOutlineRight.png
copying file ./Payload/Pioneer.app/MWPhotoBrowser.bundle/images/UIBarButtonItemArrowOutlineRight@2x.png ... 
2019-06-06 08:22:58 +0000  1253 bytes for ./Payload/Pioneer.app/MWPhotoBrowser.bundle/images/UIBarButtonItemArrowOutlineRight@2x.png
copying file ./Payload/Pioneer.app/MWPhotoBrowser.bundle/images/UIBarButtonItemArrowRight.png ... 
2019-06-06 08:22:58 +0000  1158 bytes for ./Payload/Pioneer.app/MWPhotoBrowser.bundle/images/UIBarButtonItemArrowRight.png
copying file ./Payload/Pioneer.app/MWPhotoBrowser.bundle/images/UIBarButtonItemArrowRight@2x.png ... 
2019-06-06 08:22:58 +0000  1355 bytes for ./Payload/Pioneer.app/MWPhotoBrowser.bundle/images/UIBarButtonItemArrowRight@2x.png
copying file ./Payload/Pioneer.app/MWPhotoBrowser.bundle/images/UIBarButtonItemGrid.png ... 
2019-06-06 08:22:58 +0000  1044 bytes for ./Payload/Pioneer.app/MWPhotoBrowser.bundle/images/UIBarButtonItemGrid.png
copying file ./Payload/Pioneer.app/MWPhotoBrowser.bundle/images/UIBarButtonItemGrid@2x.png ... 
2019-06-06 08:22:58 +0000  1063 bytes for ./Payload/Pioneer.app/MWPhotoBrowser.bundle/images/UIBarButtonItemGrid@2x.png
copying file ./Payload/Pioneer.app/MWPhotoBrowser.bundle/images/UIBarButtonItemGridiOS6.png ... 
1028 bytes for ./Payload/Pioneer.app/MWPhotoBrowser.bundle/images/UIBarButtonItemGridiOS6.png
2019-06-06 08:22:58 +0000  copying file ./Payload/Pioneer.app/MWPhotoBrowser.bundle/images/UIBarButtonItemGridiOS6@2x.png ... 
1058 bytes for ./Payload/Pioneer.app/MWPhotoBrowser.bundle/images/UIBarButtonItemGridiOS6@2x.png
2019-06-06 08:22:58 +0000  copying file ./Payload/Pioneer.app/Pioneer ... 
2019-06-06 08:22:59 +0000  33215680 bytes for ./Payload/Pioneer.app/Pioneer
2019-06-06 08:22:59 +0000  copying file ./Payload/Pioneer.app/PioneerModal.momd/PioneerModal.mom ... 
2088 bytes for ./Payload/Pioneer.app/PioneerModal.momd/PioneerModal.mom
copying file ./Payload/Pioneer.app/PioneerModal.momd/VersionInfo.plist ... 
154 bytes for ./Payload/Pioneer.app/PioneerModal.momd/VersionInfo.plist
copying file ./Payload/Pioneer.app/PkgInfo ... 
8 bytes for ./Payload/Pioneer.app/PkgInfo
copying file ./Payload/Pioneer.app/zh-Hans.lproj/InfoPlist.strings ... 
205 bytes for ./Payload/Pioneer.app/zh-Hans.lproj/InfoPlist.strings
copying file ./Payload/Pioneer.app/zh-Hans.lproj/Localizable.strings ... 
42 bytes for ./Payload/Pioneer.app/zh-Hans.lproj/Localizable.strings
copying file ./Payload/Pioneer.app/zh-Hans.lproj/Main.strings ... 
2686 bytes for ./Payload/Pioneer.app/zh-Hans.lproj/Main.strings
2019-06-06 08:22:59 +0000  /usr/bin/ditto exited with 0
2019-06-06 08:22:59 +0000  Processing step: IDEDistributionAppStoreInformationStep
2019-06-06 08:22:59 +0000  Skipping step: IDEDistributionAppStoreInformationStep because it said so
2019-06-06 08:22:59 +0000  Processing step: IDEDistributionCreateManifestStep
